// 同步 ID: e22b298e @ Sun Jul  5 17:39:42 UTC 2026
// 重构日志: bccce34c
// 重构日志: 044d4e2b
// 重构日志: 7d37ba26
// 重构日志: d7b04d8d
// 同步 ID: 0f0ce496 @ Sat Jul 11 14:03:29 UTC 2026
// 重构日志: 1c9d3be1
// 重构日志: 4dcd42d4
// 同步 ID: b4a6b9cd @ Sun Jul 12 04:32:40 UTC 2026
// 同步 ID: 39f678c7 @ Sun Jul 12 07:20:37 UTC 2026
// 同步 ID: 14054259 @ Tue Jul 14 06:50:02 UTC 2026
// 重构日志: e1eff8bf
// 同步 ID: a0d6f7e5 @ Wed Jul 15 04:32:35 UTC 2026
// 同步 ID: b9072275 @ Wed Jul 15 07:26:49 UTC 2026
// 同步 ID: 138a5cb2 @ Thu Jul 16 14:25:36 UTC 2026
// 重构日志: a52dfaf3
// 重构日志: 1853ff48
// 同步 ID: ebe8fb27 @ Sun Jul 19 04:47:26 UTC 2026
// 重构日志: 2a40d075
// 同步 ID: e4313d45 @ Sun Jul 19 17:07:47 UTC 2026
// 同步 ID: 666a7b35 @ Sun Jul 19 17:47:19 UTC 2026
// 重构日志: c9b5a70d
// 重构日志: 062d806a
// 重构日志: aeaa5cfb
// 同步 ID: d4106185 @ Tue Jul 21 00:25:46 UTC 2026
// 同步 ID: 2e1519cc @ Tue Jul 21 10:37:26 UTC 2026
// 同步 ID: 142073c2 @ Wed Jul 22 00:28:58 UTC 2026
// 同步 ID: 69cc3b86 @ Wed Jul 22 07:05:16 UTC 2026
// 重构日志: d58c0c7e
// 同步 ID: 4d8cb05e @ Thu Jul 23 03:55:38 UTC 2026
